Arguments: 
  /usr/bin/node /usr/bin/yarn test --watch

PATH: 
  /usr/local/sbin:/usr/local/bin:/usr/sbin:/usr/bin:/sbin:/bin:/usr/games:/usr/local/games:/snap/bin

Yarn version: 
  1.3.2

Node version: 
  8.9.3

Platform: 
  linux x64

npm manifest: 
  {
    "name": "sandbox",
    "version": "1.0.0",
    "description": "visualization content sandbox",
    "main": "index.js",
    "scripts": {
      "test": "jest",
      "test:coverage": "jest --coverage",
      "lint": "eslint .",
      "lint:fix": "eslint . --fix"
    },
    "repository": {
      "type": "git",
      "url": "git+ssh://git@gitlab.com/curran/datavis-tech.git"
    },
    "author": "Curran Kelleher",
    "license": "UNLICENSED",
    "bugs": {
      "url": "https://gitlab.com/curran/datavis-tech/issues"
    },
    "dependencies": {
      "codemirror": "^5.33.0",
      "codemirror-binding": "^0.1.0",
      "lodash": "^4.17.4",
      "magic-sandbox": "^1.0.0"
    },
    "devDependencies": {
      "eslint": "^4.14.0",
      "eslint-config-standard": "^11.0.0-beta.0",
      "eslint-plugin-import": "^2.8.0",
      "eslint-plugin-node": "^5.2.1",
      "eslint-plugin-promise": "^3.6.0",
      "eslint-plugin-react": "^7.5.1",
      "eslint-plugin-standard": "^3.0.1",
      "jest": "^22.0.4",
      "random-case": "^1.0.0",
    }
  }

yarn manifest: 
  No manifest

Lockfile: 
  No lockfile

Trace: 
  SyntaxError: /home/olexandr/projects/datavis-tech/packages/sandbox/package.json: Unexpected token } in JSON at position 977
      at JSON.parse (<anonymous>)
      at /usr/lib/node_modules/yarn/lib/cli.js:770:59
      at Generator.next (<anonymous>)
      at step (/usr/lib/node_modules/yarn/lib/cli.js:92:30)
      at /usr/lib/node_modules/yarn/lib/cli.js:103:13
      at <anonymous>
